<?xml version="1.0" encoding="UTF-8"?>
<!-- Generated by org.testng.reporters.JUnitReportReporter -->
<testsuite hostname="Amma" failures="0" tests="1" name="vtiger.ContactsTests.CreateContactWithOrganizationTest" time="121.844" errors="0" timestamp="2023-03-20T01:05:58 IST" skipped="0">
  <testcase classname="vtiger.ContactsTests.CreateContactWithOrganizationTest" name="CreateContactWithOrganizationTest" time="121.844"/>
  <system-out/>
</testsuite> <!-- vtiger.ContactsTests.CreateContactWithOrganizationTest -->
