<?xml version="1.0" encoding="UTF-8"?>
<!-- Generated by org.testng.reporters.JUnitReportReporter -->
<testsuite hostname="Amma" failures="0" tests="1" name="vtiger.OrganizationsTest.CreateOrganizationTest" time="27.848" errors="0" timestamp="2023-03-29T13:26:59 IST" skipped="0">
  <testcase classname="vtiger.OrganizationsTest.CreateOrganizationTest" name="regional" time="27.848"/>
  <system-out/>
</testsuite> <!-- vtiger.OrganizationsTest.CreateOrganizationTest -->
