<?xml version="1.0" encoding="UTF-8"?>
<!-- Generated by org.testng.reporters.JUnitReportReporter -->
<testsuite hostname="Amma" failures="0" tests="1" name="Sample.ReadDataFromCmdline" time="0.020" errors="0" timestamp="2023-03-21T13:47:15 IST" skipped="0">
  <testcase classname="Sample.ReadDataFromCmdline" name="readData" time="0.020"/>
  <system-out/>
</testsuite> <!-- Sample.ReadDataFromCmdline -->
